\BOOKMARK [1][]{section.1}{\376\377\000P\000r\000o\000p\000e\000r\000t\000i\000e\000s\000\040\000o\000f\000\040\000E\000s\000t\000i\000m\000a\000t\000o\000r\000s\000\040\000a\000n\000d\000\040\000S\000t\000a\000t\000i\000s\000t\000i\000c\000s}{}% 1
\BOOKMARK [2][]{subsection.1.1}{\376\377\000B\000i\000a\000s\000e\000d\000n\000e\000s\000s}{section.1}% 2
\BOOKMARK [2][]{subsection.1.2}{\376\377\000C\000o\000n\000s\000i\000s\000t\000e\000n\000c\000y}{section.1}% 3
\BOOKMARK [2][]{subsection.1.3}{\376\377\000A\000s\000y\000m\000p\000t\000o\000t\000i\000c\000\040\000N\000o\000r\000m\000a\000l\000i\000t\000y}{section.1}% 4
\BOOKMARK [2][]{subsection.1.4}{\376\377\000S\000u\000f\000f\000i\000c\000i\000e\000n\000c\000y}{section.1}% 5
\BOOKMARK [3][]{subsubsection.1.4.1}{\376\377\000F\000i\000s\000h\000e\000r\000-\000N\000e\000y\000m\000a\000n\000\040\000T\000h\000e\000o\000r\000e\000m}{subsection.1.4}% 6
\BOOKMARK [2][]{subsection.1.5}{\376\377\000E\000f\000f\000i\000c\000i\000e\000n\000c\000y}{section.1}% 7
\BOOKMARK [3][]{subsubsection.1.5.1}{\376\377\000T\000h\000e\000\040\000R\000a\000o\000\040\000B\000l\000a\000c\000k\000w\000e\000l\000l\000\040\000T\000h\000e\000o\000r\000e\000m}{subsection.1.5}% 8
\BOOKMARK [1][]{section.2}{\376\377\000H\000y\000p\000o\000t\000h\000e\000s\000i\000s\000\040\000T\000e\000s\000t\000i\000n\000g}{}% 9
\BOOKMARK [2][]{subsection.2.1}{\376\377\000T\000e\000r\000m\000i\000n\000o\000l\000o\000g\000i\000e\000s}{section.2}% 10
\BOOKMARK [2][]{subsection.2.2}{\376\377\000R\000e\000j\000e\000c\000t\000i\000o\000n\000\040\000R\000e\000g\000i\000o\000n\000s}{section.2}% 11
\BOOKMARK [2][]{subsection.2.3}{\376\377\000T\000h\000e\000\040\000T\000-\000t\000e\000s\000t}{section.2}% 12
\BOOKMARK [3][]{subsubsection.2.3.1}{\376\377\000L\000a\000r\000g\000e\000-\000S\000a\000m\000p\000l\000e\000\040\000H\000y\000p\000o\000t\000h\000e\000s\000i\000s\000\040\000T\000e\000s\000t\000i\000n\000g}{subsection.2.3}% 13
\BOOKMARK [3][]{subsubsection.2.3.2}{\376\377\000S\000m\000a\000l\000l\000-\000S\000a\000m\000p\000l\000e\000\040\000H\000y\000p\000o\000t\000h\000e\000s\000i\000s\000\040\000T\000e\000s\000t}{subsection.2.3}% 14
\BOOKMARK [3][]{subsubsection.2.3.3}{\376\377\000F\000-\000t\000e\000s\000t\000\040\000f\000o\000r\000\040\000V\000a\000r\000i\000a\000n\000c\000e}{subsection.2.3}% 15
\BOOKMARK [2][]{subsection.2.4}{\376\377\000T\000h\000e\000\040\000L\000i\000k\000e\000l\000i\000h\000o\000o\000d\000\040\000R\000a\000t\000i\000o\000\040\000T\000e\000s\000t}{section.2}% 16
\BOOKMARK [3][]{subsubsection.2.4.1}{\376\377\000T\000h\000e\000\040\000L\000i\000k\000e\000l\000i\000h\000o\000o\000d\000\040\000R\000a\000t\000i\000o\000\040\000T\000e\000s\000t\000\040\000f\000o\000r\000\040\000a\000\040\000S\000i\000n\000g\000l\000e\000\040\000P\000a\000r\000a\000m\000e\000t\000e\000r}{subsection.2.4}% 17
\BOOKMARK [3][]{subsubsection.2.4.2}{\376\377\000T\000h\000e\000\040\000L\000i\000k\000e\000l\000i\000h\000o\000o\000d\000\040\000R\000a\000t\000i\000o\000\040\000T\000e\000s\000t\000\040\000f\000o\000r\000\040\000M\000u\000l\000t\000i\000p\000l\000e\000\040\000P\000a\000r\000a\000m\000e\000t\000e\000r\000s}{subsection.2.4}% 18
\BOOKMARK [1][]{section.3}{\376\377\000L\000i\000n\000e\000a\000r\000\040\000R\000e\000g\000r\000e\000s\000s\000i\000o\000n}{}% 19
\BOOKMARK [2][]{subsection.3.1}{\376\377\000P\000a\000r\000a\000m\000e\000t\000e\000r\000s\000\040\000o\000f\000\040\000a\000\040\000L\000i\000n\000e\000a\000r\000\040\000M\000o\000d\000e\000l}{section.3}% 20
\BOOKMARK [2][]{subsection.3.2}{\376\377\000T\000h\000e\000\040\000L\000e\000a\000s\000t\000\040\000S\000q\000u\000a\000r\000e\000s\000\040\000E\000s\000t\000i\000m\000a\000t\000o\000r}{section.3}% 21
\BOOKMARK [2][]{subsection.3.3}{\376\377\000T\000h\000e\000\040\000c\000o\000r\000r\000e\000l\000a\000t\000i\000o\000n\000\040\000c\000o\000e\000f\000f\000i\000c\000i\000e\000n\000t}{section.3}% 22
\BOOKMARK [2][]{subsection.3.4}{\376\377\000H\000y\000p\000o\000t\000h\000e\000s\000i\000s\000\040\000T\000e\000s\000t\000i\000n\000g\000\040\000f\000o\000r\000\040\000L\000i\000n\000e\000a\000r\000\040\000R\000e\000g\000r\000e\000s\000s\000i\000o\000n}{section.3}% 23
\BOOKMARK [3][]{subsubsection.3.4.1}{\376\377\000T\000h\000e\000\040\000T\000-\000t\000e\000s\000t}{subsection.3.4}% 24
\BOOKMARK [3][]{subsubsection.3.4.2}{\376\377\000T\000h\000e\000\040\000F\000-\000t\000e\000s\000t}{subsection.3.4}% 25
